app/build/outputs/logs/manifest-merger-debug-report.txt
-- Merging decision tree log ---
manifest
ADDED from src/main/AndroidManifest.xml:2:1-37:12
	xmlns:android
		ADDED from src/main/AndroidManifest.xml:2:11-69
	package
		ADDED from src/main/AndroidManifest.xml:3:7-34
		INJECTED from src/main/AndroidManifest.xml
		INJECTED from src/main/AndroidManifest.xml
	android:versionName
		ADDED from src/main/AndroidManifest.xml:5:7-33
		INJECTED from src/main/AndroidManifest.xml
		INJECTED from src/main/AndroidManifest.xml
	android:versionCode
		ADDED from src/main/AndroidManifest.xml:4:7-39
		INJECTED from src/main/AndroidManifest.xml
		INJECTED from src/main/AndroidManifest.xml
uses-sdk
ADDED from src/main/AndroidManifest.xml:6:5-42
	android:targetSdkVersion
		INJECTED from src/main/AndroidManifest.xml
		INJECTED from src/main/AndroidManifest.xml
	android:minSdkVersion
		ADDED from src/main/AndroidManifest.xml:6:15-40
		INJECTED from src/main/AndroidManifest.xml
		INJECTED from src/main/AndroidManifest.xml
uses-permission#android.permission.WRITE_EXTERNAL_STORAGE
ADDED from src/main/AndroidManifest.xml:7:5-81
	android:name
		ADDED from src/main/AndroidManifest.xml:7:22-78
application
ADDED from src/main/AndroidManifest.xml:10:5-36:19
	android:label
		ADDED from src/main/AndroidManifest.xml:10:51-83
	android:icon
		ADDED from src/main/AndroidManifest.xml:10:18-50
activity#com.tutorials.hellotabwidget.MCTabsWidget
ADDED from src/main/AndroidManifest.xml:11:9-18:20
	android:screenOrientation
		ADDED from src/main/AndroidManifest.xml:13:19-56
	android:label
		ADDED from src/main/AndroidManifest.xml:12:19-51
	android:name
		ADDED from src/main/AndroidManifest.xml:11:19-75
intent-filter#android.intent.action.MAIN+android.intent.category.LAUNCHER
ADDED from src/main/AndroidManifest.xml:14:13-17:29
action#android.intent.action.MAIN
ADDED from src/main/AndroidManifest.xml:15:17-69
	android:name
		ADDED from src/main/AndroidManifest.xml:15:25-66
category#android.intent.category.LAUNCHER
ADDED from src/main/AndroidManifest.xml:16:17-77
	android:name
		ADDED from src/main/AndroidManifest.xml:16:27-74
activity#com.tutorials.hellotabwidget.Card1Activity
ADDED from src/main/AndroidManifest.xml:19:9-20:52
	android:screenOrientation
		ADDED from src/main/AndroidManifest.xml:20:13-50
	android:label
		ADDED from src/main/AndroidManifest.xml:19:78-110
	android:name
		ADDED from src/main/AndroidManifest.xml:19:19-76
activity#com.tutorials.hellotabwidget.Card2Activity
ADDED from src/main/AndroidManifest.xml:21:6-22:49
	android:screenOrientation
		ADDED from src/main/AndroidManifest.xml:22:10-47
	android:label
		ADDED from src/main/AndroidManifest.xml:21:75-107
	android:name
		ADDED from src/main/AndroidManifest.xml:21:16-73
activity#com.tutorials.hellotabwidget.FileBrowser
ADDED from src/main/AndroidManifest.xml:23:6-24:49
	android:screenOrientation
		ADDED from src/main/AndroidManifest.xml:24:10-47
	android:label
		ADDED from src/main/AndroidManifest.xml:23:72-104
	android:name
		ADDED from src/main/AndroidManifest.xml:23:16-71
activity#com.tutorials.hellotabwidget.MCViewActivity
ADDED from src/main/AndroidManifest.xml:25:6-30:17
	android:screenOrientation
		ADDED from src/main/AndroidManifest.xml:26:10-47
	android:name
		ADDED from src/main/AndroidManifest.xml:25:16-74
intent-filter#com.tutorials.hellotabwidget.COPYMC
ADDED from src/main/AndroidManifest.xml:27:10-29:26
action#com.tutorials.hellotabwidget.COPYMC
ADDED from src/main/AndroidManifest.xml:28:13-81
	android:name
		ADDED from src/main/AndroidManifest.xml:28:21-71
activity#com.tutorials.hellotabwidget.MCViewActivityTab2
ADDED from src/main/AndroidManifest.xml:32:6-33:49
	android:screenOrientation
		ADDED from src/main/AndroidManifest.xml:33:10-47
	android:name
		ADDED from src/main/AndroidManifest.xml:32:16-78
activity#com.tutorials.hellotabwidget.Prefs
ADDED from src/main/AndroidManifest.xml:34:9-108
	android:screenOrientation
		ADDED from src/main/AndroidManifest.xml:34:69-106
	android:name
		ADDED from src/main/AndroidManifest.xml:34:19-68
activity#com.tutorials.hellotabwidget.EditHeader
ADDED from src/main/AndroidManifest.xml:35:9-113
	android:screenOrientation
		ADDED from src/main/AndroidManifest.xml:35:74-111
	android:name
		ADDED from src/main/AndroidManifest.xml:35:19-73